<?xml version="1.0" encoding="UTF-8"?>
<!-- Generated by org.testng.reporters.JUnitXMLReporter -->
<testsuite hostname="LAPTOP-SKOKFUCJ" ignored="5" name="Test" tests="6" failures="0" timestamp="2021-06-15T10:46:30 IST" time="90.581" errors="0">
  <testcase name="registerUser" time="7.098" classname="casestudy1Tests.RegisterAutomation"/>
  <testcase name="SelectableMethod" time="3.698" classname="casestudy1Tests.Selectable"/>
  <testcase name="simpleWindowswitch" time="19.363" classname="casestudy1Tests.WindowsSwitch"/>
  <testcase name="Frame" time="6.531" classname="casestudy1Tests.SwitchFrames"/>
  <testcase name="allAlertsSwitch" time="12.666" classname="casestudy1Tests.SwitchToAlert"/>
  <testcase name="DatePickerMethod" time="0.419" classname="casestudy1Tests.DatePicker"/>
  <testcase name="@BeforeTest logsReport" time="0.0" classname="reusableMethods.BaseClass">
    <ignored/>
  </testcase> <!-- @BeforeTest logsReport -->
  <testcase name="@BeforeTest logsReport" time="0.0" classname="reusableMethods.BaseClass">
    <ignored/>
  </testcase> <!-- @BeforeTest logsReport -->
  <testcase name="@BeforeTest logsReport" time="0.0" classname="reusableMethods.BaseClass">
    <ignored/>
  </testcase> <!-- @BeforeTest logsReport -->
  <testcase name="@BeforeTest logsReport" time="0.0" classname="reusableMethods.BaseClass">
    <ignored/>
  </testcase> <!-- @BeforeTest logsReport -->
  <testcase name="@BeforeTest logsReport" time="0.0" classname="reusableMethods.BaseClass">
    <ignored/>
  </testcase> <!-- @BeforeTest logsReport -->
</testsuite> <!-- Test -->
